<?xml version="1.0" encoding="UTF-8"?>
<!-- Generated by org.testng.reporters.JUnitReportReporter -->
<testsuite skipped="0" hostname="DESKTOP-23K18JC" name="TestMaven1.TestMVN.App" tests="1" failures="0" timestamp="29 Apr 2019 10:33:43 GMT" time="0.008" errors="0">
  <testcase name="tst" time="0.008" classname="TestMaven1.TestMVN.App"/>
</testsuite> <!-- TestMaven1.TestMVN.App -->
