<?xml version="1.0" encoding="UTF-8"?>
<!-- Generated by org.testng.reporters.JUnitReportReporter -->
<testsuite skipped="0" hostname="DESKTOP-23K18JC" name="TestMaven1.TestMVN.AppTest" tests="1" failures="0" timestamp="29 Apr 2019 10:39:18 GMT" time="0.005" errors="0">
  <testcase name="sts" time="0.005" classname="TestMaven1.TestMVN.AppTest"/>
</testsuite> <!-- TestMaven1.TestMVN.AppTest -->
